1.1.2:
	"Уронил" минимально поддерживаемую версию Adobe AIR до 2.6. Это значит поддержка не только винды и мака - но даже линукса!

1.1.1:
	Хотфикс: При загрузке файла с другим набором ключей теперь есть выбор - добавлять их к существующим, стирать старые, или выбрать для загрузки другой файл.
	Хотфикс: Вебтранслятор научился новым трюкам порчи строк. Добавил новые способы обхода такого поведения.

1.1.0:
	Добавил возможность загружать целевой файл и сохранять - исходный. Полезно в случаях перевода больших файлов: сохранив неполный целевой файл можно загрузить его на следующий день не боясь, что переведённые строки пропадут.
	При загрузке второго файла (целевого после исходного или исходного после целевого) загружаемый файл проверяется на несоответствие ключей. Полезно, когда вторым загружается неверный файл - несоответствующий загруженному первым.
	Это последний релиз первой версии программы. Исключение возможно лишь для исправления критических уязвимостей. Вторая версия будет выпускаться уже под другой лицензией (я пока не решил, под какой).

1.0.1:
	Исправил вылет программы при ошибке сервера. Теперь вместо этого она предупреждает пользователя, сколько строк не было переведено и просит повторить ещё раз (и/или сходить и ввести капчу).
	Альтернативный вариант переводчика, более отказоустойчивый и быстрый.
	Дополнительные обработчики результата перевода, выкусывающие из него [почти] всё лишнее, что вредный переводчик туда понавставлял по желанию левой пятки.
	Добавил обработку тега иконок (£).
	
1.0.0:
	Поддержка больших файлов (проверялось на 5 МБ).
	Ещё большая параллелизация перевода огромного количества строк (около пяти минут на пятнадцать тысяч строк).
	Парсинг всевозможных тегов каждой из основных игр (CK/EU/VIC/HOI).
	Переводчик больше не портит теги с переменными.
	Определение ошибок "незакрытых" тегов (без отображения).
	Небольшое увеличение производительности.
	Строки комментариев теперь переносятся в целевой файл без изменений.
	Задел на обработку слишком особенных файлов (EU4/CK2). Версия кривая, предоставляется только по прямому запросу.

0.9.7:
	Массовый параллельный перевод строк всего файла полностью. Тормозной.
	Сокрытие от пользователя символов переноса строки: теперь строки в игре переносятся так же, как в самой программе (в файлах эти символы присутствуют на своих местах).
	Отказ от внешнего парсера сохранения файлов. Программа теперь целиком работает внутри AVM и весит меньше 512 КБ.
	Огромные внутренние изменения архитектуры, значительно ускоряющие работу и немного улучшающие пользовательский опыт.
	Проект переименован в ОПЛCE.

0.9.6:
	Отключил требование пользовательского ввода для перевода.
	Отказ от внешнего парсера загрузки файлов: базовая реализация ручного поиска и исправления простейших ошибок в файлах.
	Мелкие улучшения UX.

0.9.5:
	Улучшение интерфейса: два варианта отображения ключей - длинным списком и таблицей.
	Реализация загрузки и сохранения производного файла перевода с правильными ключами/синтаксисом.
	Визуальная фильтрация строк по ключам.
	Внешний парсер не-совсем-YAML файлов Клаузевица.
	ยง

Pre-alpha:
	Базовейший из графических интерфейсов.
	Авто-перевод через google translate с требованием пользовательского ввода на каждую строку.